<?xml version="1.0" encoding="UTF-8"?>
<testng-results skipped="0" failed="0" total="12" passed="12">
  <reporter-output>
  </reporter-output>
  <suite name="Default suite" duration-ms="124306" started-at="2016-03-03T00:57:03Z" finished-at="2016-03-03T00:59:07Z">
    <groups>
    </groups>
    <test name="Default test" duration-ms="124306" started-at="2016-03-03T00:57:03Z" finished-at="2016-03-03T00:59:07Z">
      <class name="com.org.leaningMaven.FireFoxDr">
        <test-method status="PASS" signature="setUp()[pri:0, instance:com.org.leaningMaven.FireFoxDr@6c284af]" name="setUp" is-config="true" duration-ms="1015" started-at="2016-03-02T16:57:03Z" finished-at="2016-03-02T16:57:04Z">
          <reporter-output>
          </reporter-output>
        </test-method> <!-- setUp -->
        <test-method status="PASS" signature="getBrowser()[pri:0, instance:com.org.leaningMaven.FireFoxDr@6c284af]" name="getBrowser" is-config="true" duration-ms="282" started-at="2016-03-02T16:57:04Z" finished-at="2016-03-02T16:57:05Z">
          <reporter-output>
          </reporter-output>
        </test-method> <!-- getBrowser -->
        <test-method status="PASS" signature="test1()[pri:1, instance:com.org.leaningMaven.FireFoxDr@6c284af]" name="test1" duration-ms="4269" started-at="2016-03-02T16:57:05Z" finished-at="2016-03-02T16:57:09Z">
          <reporter-output>
          </reporter-output>
        </test-method> <!-- test1 -->
        <test-method status="PASS" signature="closeBrowser()[pri:0, instance:com.org.leaningMaven.FireFoxDr@6c284af]" name="closeBrowser" is-config="true" duration-ms="7001" started-at="2016-03-02T16:57:09Z" finished-at="2016-03-02T16:57:16Z">
          <reporter-output>
          </reporter-output>
        </test-method> <!-- closeBrowser -->
        <test-method status="PASS" signature="getBrowser()[pri:0, instance:com.org.leaningMaven.FireFoxDr@6c284af]" name="getBrowser" is-config="true" duration-ms="1352" started-at="2016-03-02T16:57:16Z" finished-at="2016-03-02T16:57:17Z">
          <reporter-output>
          </reporter-output>
        </test-method> <!-- getBrowser -->
        <test-method status="PASS" signature="test2()[pri:2, instance:com.org.leaningMaven.FireFoxDr@6c284af]" name="test2" duration-ms="499" started-at="2016-03-02T16:57:17Z" finished-at="2016-03-02T16:57:18Z">
          <reporter-output>
          </reporter-output>
        </test-method> <!-- test2 -->
        <test-method status="PASS" signature="closeBrowser()[pri:0, instance:com.org.leaningMaven.FireFoxDr@6c284af]" name="closeBrowser" is-config="true" duration-ms="7001" started-at="2016-03-02T16:57:18Z" finished-at="2016-03-02T16:57:25Z">
          <reporter-output>
          </reporter-output>
        </test-method> <!-- closeBrowser -->
        <test-method status="PASS" signature="getBrowser()[pri:0, instance:com.org.leaningMaven.FireFoxDr@6c284af]" name="getBrowser" is-config="true" duration-ms="1342" started-at="2016-03-02T16:57:25Z" finished-at="2016-03-02T16:57:26Z">
          <reporter-output>
          </reporter-output>
        </test-method> <!-- getBrowser -->
        <test-method status="PASS" signature="test3()[pri:3, instance:com.org.leaningMaven.FireFoxDr@6c284af]" name="test3" duration-ms="1492" started-at="2016-03-02T16:57:26Z" finished-at="2016-03-02T16:57:27Z">
          <reporter-output>
          </reporter-output>
        </test-method> <!-- test3 -->
        <test-method status="PASS" signature="closeBrowser()[pri:0, instance:com.org.leaningMaven.FireFoxDr@6c284af]" name="closeBrowser" is-config="true" duration-ms="7001" started-at="2016-03-02T16:57:27Z" finished-at="2016-03-02T16:57:34Z">
          <reporter-output>
          </reporter-output>
        </test-method> <!-- closeBrowser -->
        <test-method status="PASS" signature="getBrowser()[pri:0, instance:com.org.leaningMaven.FireFoxDr@6c284af]" name="getBrowser" is-config="true" duration-ms="1120" started-at="2016-03-02T16:57:34Z" finished-at="2016-03-02T16:57:36Z">
          <reporter-output>
          </reporter-output>
        </test-method> <!-- getBrowser -->
        <test-method status="PASS" signature="test4()[pri:4, instance:com.org.leaningMaven.FireFoxDr@6c284af]" name="test4" duration-ms="1018" started-at="2016-03-02T16:57:36Z" finished-at="2016-03-02T16:57:37Z">
          <reporter-output>
          </reporter-output>
        </test-method> <!-- test4 -->
        <test-method status="PASS" signature="closeBrowser()[pri:0, instance:com.org.leaningMaven.FireFoxDr@6c284af]" name="closeBrowser" is-config="true" duration-ms="7001" started-at="2016-03-02T16:57:37Z" finished-at="2016-03-02T16:57:44Z">
          <reporter-output>
          </reporter-output>
        </test-method> <!-- closeBrowser -->
        <test-method status="PASS" signature="getBrowser()[pri:0, instance:com.org.leaningMaven.FireFoxDr@6c284af]" name="getBrowser" is-config="true" duration-ms="1108" started-at="2016-03-02T16:57:44Z" finished-at="2016-03-02T16:57:45Z">
          <reporter-output>
          </reporter-output>
        </test-method> <!-- getBrowser -->
        <test-method status="PASS" signature="test5()[pri:5, instance:com.org.leaningMaven.FireFoxDr@6c284af]" name="test5" duration-ms="1845" started-at="2016-03-02T16:57:45Z" finished-at="2016-03-02T16:57:47Z">
          <reporter-output>
          </reporter-output>
        </test-method> <!-- test5 -->
        <test-method status="PASS" signature="closeBrowser()[pri:0, instance:com.org.leaningMaven.FireFoxDr@6c284af]" name="closeBrowser" is-config="true" duration-ms="7000" started-at="2016-03-02T16:57:47Z" finished-at="2016-03-02T16:57:54Z">
          <reporter-output>
          </reporter-output>
        </test-method> <!-- closeBrowser -->
        <test-method status="PASS" signature="getBrowser()[pri:0, instance:com.org.leaningMaven.FireFoxDr@6c284af]" name="getBrowser" is-config="true" duration-ms="1716" started-at="2016-03-02T16:57:54Z" finished-at="2016-03-02T16:57:55Z">
          <reporter-output>
          </reporter-output>
        </test-method> <!-- getBrowser -->
        <test-method status="PASS" signature="test6()[pri:6, instance:com.org.leaningMaven.FireFoxDr@6c284af]" name="test6" duration-ms="3563" started-at="2016-03-02T16:57:55Z" finished-at="2016-03-02T16:57:59Z">
          <reporter-output>
          </reporter-output>
        </test-method> <!-- test6 -->
        <test-method status="PASS" signature="closeBrowser()[pri:0, instance:com.org.leaningMaven.FireFoxDr@6c284af]" name="closeBrowser" is-config="true" duration-ms="7000" started-at="2016-03-02T16:57:59Z" finished-at="2016-03-02T16:58:06Z">
          <reporter-output>
          </reporter-output>
        </test-method> <!-- closeBrowser -->
        <test-method status="PASS" signature="getBrowser()[pri:0, instance:com.org.leaningMaven.FireFoxDr@6c284af]" name="getBrowser" is-config="true" duration-ms="1164" started-at="2016-03-02T16:58:06Z" finished-at="2016-03-02T16:58:07Z">
          <reporter-output>
          </reporter-output>
        </test-method> <!-- getBrowser -->
        <test-method status="PASS" signature="test7()[pri:7, instance:com.org.leaningMaven.FireFoxDr@6c284af]" name="test7" duration-ms="2191" started-at="2016-03-02T16:58:07Z" finished-at="2016-03-02T16:58:09Z">
          <reporter-output>
          </reporter-output>
        </test-method> <!-- test7 -->
        <test-method status="PASS" signature="closeBrowser()[pri:0, instance:com.org.leaningMaven.FireFoxDr@6c284af]" name="closeBrowser" is-config="true" duration-ms="7001" started-at="2016-03-02T16:58:09Z" finished-at="2016-03-02T16:58:16Z">
          <reporter-output>
          </reporter-output>
        </test-method> <!-- closeBrowser -->
        <test-method status="PASS" signature="getBrowser()[pri:0, instance:com.org.leaningMaven.FireFoxDr@6c284af]" name="getBrowser" is-config="true" duration-ms="1473" started-at="2016-03-02T16:58:16Z" finished-at="2016-03-02T16:58:18Z">
          <reporter-output>
          </reporter-output>
        </test-method> <!-- getBrowser -->
        <test-method status="PASS" signature="test8()[pri:8, instance:com.org.leaningMaven.FireFoxDr@6c284af]" name="test8" duration-ms="2244" started-at="2016-03-02T16:58:18Z" finished-at="2016-03-02T16:58:20Z">
          <reporter-output>
          </reporter-output>
        </test-method> <!-- test8 -->
        <test-method status="PASS" signature="closeBrowser()[pri:0, instance:com.org.leaningMaven.FireFoxDr@6c284af]" name="closeBrowser" is-config="true" duration-ms="7001" started-at="2016-03-02T16:58:20Z" finished-at="2016-03-02T16:58:27Z">
          <reporter-output>
          </reporter-output>
        </test-method> <!-- closeBrowser -->
        <test-method status="PASS" signature="getBrowser()[pri:0, instance:com.org.leaningMaven.FireFoxDr@6c284af]" name="getBrowser" is-config="true" duration-ms="1268" started-at="2016-03-02T16:58:27Z" finished-at="2016-03-02T16:58:28Z">
          <reporter-output>
          </reporter-output>
        </test-method> <!-- getBrowser -->
        <test-method status="PASS" signature="test9()[pri:9, instance:com.org.leaningMaven.FireFoxDr@6c284af]" name="test9" duration-ms="1048" started-at="2016-03-02T16:58:28Z" finished-at="2016-03-02T16:58:29Z">
          <reporter-output>
          </reporter-output>
        </test-method> <!-- test9 -->
        <test-method status="PASS" signature="closeBrowser()[pri:0, instance:com.org.leaningMaven.FireFoxDr@6c284af]" name="closeBrowser" is-config="true" duration-ms="7001" started-at="2016-03-02T16:58:29Z" finished-at="2016-03-02T16:58:36Z">
          <reporter-output>
          </reporter-output>
        </test-method> <!-- closeBrowser -->
        <test-method status="PASS" signature="getBrowser()[pri:0, instance:com.org.leaningMaven.FireFoxDr@6c284af]" name="getBrowser" is-config="true" duration-ms="1438" started-at="2016-03-02T16:58:36Z" finished-at="2016-03-02T16:58:38Z">
          <reporter-output>
          </reporter-output>
        </test-method> <!-- getBrowser -->
        <test-method status="PASS" signature="test10()[pri:10, instance:com.org.leaningMaven.FireFoxDr@6c284af]" name="test10" duration-ms="2013" started-at="2016-03-02T16:58:38Z" finished-at="2016-03-02T16:58:40Z">
          <reporter-output>
          </reporter-output>
        </test-method> <!-- test10 -->
        <test-method status="PASS" signature="closeBrowser()[pri:0, instance:com.org.leaningMaven.FireFoxDr@6c284af]" name="closeBrowser" is-config="true" duration-ms="7001" started-at="2016-03-02T16:58:40Z" finished-at="2016-03-02T16:58:47Z">
          <reporter-output>
          </reporter-output>
        </test-method> <!-- closeBrowser -->
        <test-method status="PASS" signature="getBrowser()[pri:0, instance:com.org.leaningMaven.FireFoxDr@6c284af]" name="getBrowser" is-config="true" duration-ms="1654" started-at="2016-03-02T16:58:47Z" finished-at="2016-03-02T16:58:48Z">
          <reporter-output>
          </reporter-output>
        </test-method> <!-- getBrowser -->
        <test-method status="PASS" signature="test11()[pri:11, instance:com.org.leaningMaven.FireFoxDr@6c284af]" name="test11" duration-ms="1984" started-at="2016-03-02T16:58:48Z" finished-at="2016-03-02T16:58:50Z">
          <reporter-output>
          </reporter-output>
        </test-method> <!-- test11 -->
        <test-method status="PASS" signature="closeBrowser()[pri:0, instance:com.org.leaningMaven.FireFoxDr@6c284af]" name="closeBrowser" is-config="true" duration-ms="7000" started-at="2016-03-02T16:58:50Z" finished-at="2016-03-02T16:58:57Z">
          <reporter-output>
          </reporter-output>
        </test-method> <!-- closeBrowser -->
        <test-method status="PASS" signature="getBrowser()[pri:0, instance:com.org.leaningMaven.FireFoxDr@6c284af]" name="getBrowser" is-config="true" duration-ms="1076" started-at="2016-03-02T16:58:57Z" finished-at="2016-03-02T16:58:58Z">
          <reporter-output>
          </reporter-output>
        </test-method> <!-- getBrowser -->
        <test-method status="PASS" signature="test12()[pri:12, instance:com.org.leaningMaven.FireFoxDr@6c284af]" name="test12" duration-ms="2054" started-at="2016-03-02T16:58:58Z" finished-at="2016-03-02T16:59:00Z">
          <reporter-output>
          </reporter-output>
        </test-method> <!-- test12 -->
        <test-method status="PASS" signature="closeBrowser()[pri:0, instance:com.org.leaningMaven.FireFoxDr@6c284af]" name="closeBrowser" is-config="true" duration-ms="7001" started-at="2016-03-02T16:59:00Z" finished-at="2016-03-02T16:59:07Z">
          <reporter-output>
          </reporter-output>
        </test-method> <!-- closeBrowser -->
        <test-method status="PASS" signature="tearDown()[pri:0, instance:com.org.leaningMaven.FireFoxDr@6c284af]" name="tearDown" is-config="true" duration-ms="31" started-at="2016-03-02T16:59:07Z" finished-at="2016-03-02T16:59:07Z">
          <reporter-output>
          </reporter-output>
        </test-method> <!-- tearDown -->
      </class> <!-- com.org.leaningMaven.FireFoxDr -->
    </test> <!-- Default test -->
  </suite> <!-- Default suite -->
</testng-results>
