<?xml version="1.0" encoding="UTF-8"?>
<!-- Generated by org.testng.reporters.JUnitXMLReporter -->
<testsuite hostname="Education" name="Default test" tests="12" failures="0" timestamp="3 Mar 2016 00:59:08 GMT" time="124.306" errors="0">
  <testcase name="test1" time="4.269" classname="com.org.leaningMaven.FireFoxDr"/>
  <testcase name="test2" time="0.499" classname="com.org.leaningMaven.FireFoxDr"/>
  <testcase name="test3" time="1.492" classname="com.org.leaningMaven.FireFoxDr"/>
  <testcase name="test4" time="1.018" classname="com.org.leaningMaven.FireFoxDr"/>
  <testcase name="test5" time="1.845" classname="com.org.leaningMaven.FireFoxDr"/>
  <testcase name="test6" time="3.563" classname="com.org.leaningMaven.FireFoxDr"/>
  <testcase name="test7" time="2.191" classname="com.org.leaningMaven.FireFoxDr"/>
  <testcase name="test8" time="2.244" classname="com.org.leaningMaven.FireFoxDr"/>
  <testcase name="test9" time="1.048" classname="com.org.leaningMaven.FireFoxDr"/>
  <testcase name="test10" time="2.013" classname="com.org.leaningMaven.FireFoxDr"/>
  <testcase name="test11" time="1.984" classname="com.org.leaningMaven.FireFoxDr"/>
  <testcase name="test12" time="2.054" classname="com.org.leaningMaven.FireFoxDr"/>
</testsuite> <!-- Default test -->
